app/build/outputs/mapping/release/configuration.txt
# The proguard configuration file for the following section is intermediates\proguard-files\proguard-android-optimize.txt-4.1.2
# This is a configuration file for ProGuard.
# http://proguard.sourceforge.net/index.html#manual/usage.html
#
# Starting with version 2.2 of the Android plugin for Gradle, this file is distributed together with
# the plugin and unpacked at build-time. The files in $ANDROID_HOME are no longer maintained and
# will be ignored by new version of the Android plugin for Gradle.

# Optimizations: If you don't want to optimize, use the proguard-android.txt configuration file
# instead of this one, which turns off the optimization flags.
# Adding optimization introduces certain risks, since for example not all optimizations performed by
# ProGuard works on all versions of Dalvik.  The following flags turn off various optimizations
# known to have issues, but the list may not be complete or up to date. (The "arithmetic"
# optimization can be used if you are only targeting Android 2.0 or later.)  Make sure you test
# thoroughly if you go this route.
-optimizations !code/simplification/arithmetic,!code/simplification/cast,!field/*,!class/merging/*
-optimizationpasses 5
-allowaccessmodification

-dontusemixedcaseclassnames
-dontskipnonpubliclibraryclasses
-verbose

# Preserve some attributes that may be required for reflection.
-keepattributes *Annotation*,Signature,InnerClasses,EnclosingMethod

-keep public class com.google.vending.licensing.ILicensingService
-keep public class com.android.vending.licensing.ILicensingService
-keep public class com.google.android.vending.licensing.ILicensingService
-dontnote com.android.vending.licensing.ILicensingService
-dontnote com.google.vending.licensing.ILicensingService
-dontnote com.google.android.vending.licensing.ILicensingService

# For native methods, see http://proguard.sourceforge.net/manual/examples.html#native
-keepclasseswithmembernames,includedescriptorclasses class * {
    native <methods>;
}

# Keep setters in Views so that animations can still work.
-keepclassmembers public class * extends android.view.View {
    void set*(***);
    *** get*();
}

# We want to keep methods in Activity that could be used in the XML attribute onClick.
-keepclassmembers class * extends android.app.Activity {
    public void *(android.view.View);
}

# For enumeration classes, see http://proguard.sourceforge.net/manual/examples.html#enumerations
-keepclassmembers enum * {
    public static **[] values();
    public static ** valueOf(java.lang.String);
}

-keepclassmembers class * implements android.os.Parcelable {
    public static final ** CREATOR;
}

# Preserve annotated Javascript interface methods.
-keepclassmembers class * {
    @android.webkit.JavascriptInterface <methods>;
}

# The support libraries contains references to newer platform versions.
# Don't warn about those in case this app is linking against an older
# platform version. We know about them, and they are safe.
-dontnote android.support.**
-dontnote androidx.**
-dontwarn android.support.**
-dontwarn androidx.**

# This class is deprecated, but remains for backward compatibility.
-dontwarn android.util.FloatMath

# Understand the @Keep support annotation.
-keep class android.support.annotation.Keep
-keep class androidx.annotation.Keep

-keep @android.support.annotation.Keep class * {*;}
-keep @androidx.annotation.Keep class * {*;}

-keepclasseswithmembers class * {
    @android.support.annotation.Keep <methods>;
}

-keepclasseswithmembers class * {
    @androidx.annotation.Keep <methods>;
}

-keepclasseswithmembers class * {
    @android.support.annotation.Keep <fields>;
}

-keepclasseswithmembers class * {
    @androidx.annotation.Keep <fields>;
}

-keepclasseswithmembers class * {
    @android.support.annotation.Keep <init>(...);
}

-keepclasseswithmembers class * {
    @androidx.annotation.Keep <init>(...);
}

# These classes are duplicated between android.jar and org.apache.http.legacy.jar.
-dontnote org.apache.http.**
-dontnote android.net.http.**

# These classes are duplicated between android.jar and core-lambda-stubs.jar.
-dontnote java.lang.invoke.**

# End of content from intermediates\proguard-files\proguard-android-optimize.txt-4.1.2
# The proguard configuration file for the following section is octave\app\proguard-rules.pro
# Add project specific ProGuard rules here.
# By default, the flags in this file are appended to flags specified
# in /Users/hemanths/Library/Android/sdk/tools/proguard/proguard-android.txt
# You can edit the include path and order by changing the proguardFiles
# directive in build.gradle.
#
# For more details, see
#   http://developer.android.com/guide/developing/tools/proguard.html

# Add any project specific keep options here:

# If your project uses WebView with JS, uncomment the following
# and specify the fully qualified class name to the JavaScript interface
# class:
#-keepclassmembers class fqcn.of.javascript.interface.for.webview {
#   public *;
#}

# Uncomment this to preserve the line number information for
# debugging stack traces.
#-keepattributes SourceFile,LineNumberTable

# If you keep the line number information, uncomment this to
# hide the original source file name.
#-renamesourcefileattribute SourceFile

-dontwarn java.lang.invoke.*
-dontwarn *Lambda*
-dontwarn javax.annotation.**

# RetroFit
-dontwarn retrofit.**
-keep class retrofit.* { *; }

# Glide
-keep public class * implements com.bumptech.glide.module.GlideModule
-keep public enum com.bumptech.glide.load.resource.bitmap.ImageHeaderParser$** {
    **[] $VALUES;
    public *;
}

# OkHttp
-keepattributes Signature
-keepattributes *Annotation*
-keep interface com.squareup.okhttp3.* { *; }
-dontwarn com.squareup.okhttp3.**

#-dontwarn
#-ignorewarnings
-dontshrink
-dontobfuscate

-dontwarn org.jaudiotagger.**
-keep class org.jaudiotagger.* { *; }

-keepclassmembers enum * { *; }
-keepattributes *Annotation*, Signature, Exception
-keepnames class androidx.navigation.fragment.NavHostFragment
-keepnames class code.name.score.octave.model.Home
-keep class * extends androidx.fragment.app.Fragment{}
-keepnames class * extends android.os.Parcelable
-keepnames class * extends java.io.Serializable
# End of content from octave\app\proguard-rules.pro
# The proguard configuration file for the following section is aapt_proguard_file\release\aapt_rules.txt
-keep class androidx.core.app.CoreComponentFactory { <init>(); }
-keep class androidx.core.content.FileProvider { <init>(); }
-keep class androidx.room.MultiInstanceInvalidationService { <init>(); }
-keep class code.name.score.octave.App { <init>(); }
-keep class code.name.score.octave.activities.DriveModeActivity { <init>(); }
-keep class code.name.score.octave.activities.LicenseActivity { <init>(); }
-keep class code.name.score.octave.activities.LockScreenActivity { <init>(); }
-keep class code.name.score.octave.activities.LyricsActivity { <init>(); }
-keep class code.name.score.octave.activities.MainActivity { <init>(); }
-keep class code.name.score.octave.activities.PermissionActivity { <init>(); }
-keep class code.name.score.octave.activities.PlayingQueueActivity { <init>(); }
-keep class code.name.score.octave.activities.SettingsActivity { <init>(); }
-keep class code.name.score.octave.activities.UserInfoActivity { <init>(); }
-keep class code.name.score.octave.activities.WhatsNewActivity { <init>(); }
-keep class code.name.score.octave.activities.saf.SAFGuideActivity { <init>(); }
-keep class code.name.score.octave.activities.tageditor.AlbumTagEditorActivity { <init>(); }
-keep class code.name.score.octave.activities.tageditor.SongTagEditorActivity { <init>(); }
-keep class code.name.score.octave.appshortcuts.AppShortcutLauncherActivity { <init>(); }
-keep class code.name.score.octave.appwidgets.AppWidgetBig { <init>(); }
-keep class code.name.score.octave.appwidgets.AppWidgetCard { <init>(); }
-keep class code.name.score.octave.appwidgets.AppWidgetClassic { <init>(); }
-keep class code.name.score.octave.appwidgets.AppWidgetSmall { <init>(); }
-keep class code.name.score.octave.appwidgets.AppWidgetText { <init>(); }
-keep class code.name.score.octave.appwidgets.BootReceiver { <init>(); }
-keep class code.name.score.octave.misc.GenericFileProvider { <init>(); }
-keep class code.name.score.octave.service.MediaButtonIntentReceiver { <init>(); }
-keep class code.name.score.octave.service.MusicService { <init>(); }
-keep class com.android.billingclient.api.ProxyBillingActivity { <init>(); }
-keep class com.github.dhaval2404.imagepicker.ImagePickerActivity { <init>(); }
-keep class com.github.dhaval2404.imagepicker.ImagePickerFileProvider { <init>(); }
-keep class com.google.android.gms.measurement.AppMeasurementJobService { <init>(); }
-keep class com.google.android.gms.measurement.AppMeasurementReceiver { <init>(); }
-keep class com.google.android.gms.measurement.AppMeasurementService { <init>(); }
-keep class com.google.android.play.core.assetpacks.AssetPackExtractionService { <init>(); }
-keep class com.google.android.play.core.common.PlayCoreDialogWrapperActivity { <init>(); }
-keep class com.google.android.play.core.missingsplits.PlayCoreMissingSplitsActivity { <init>(); }
-keep class com.google.firebase.components.ComponentDiscoveryService { <init>(); }
-keep class com.google.firebase.provider.FirebaseInitProvider { <init>(); }
-keep class com.yalantis.ucrop.UCropActivity { <init>(); }
-keep class android.widget.Space { <init>(android.content.Context, android.util.AttributeSet); }

-keep class androidx.appcompat.app.AlertController$RecycleListView { <init>(android.content.Context, android.util.AttributeSet); }

-keep class androidx.appcompat.view.menu.ActionMenuItemView { <init>(android.content.Context, android.util.AttributeSet); }

-keep class androidx.appcompat.view.menu.ExpandedMenuView { <init>(android.content.Context, android.util.AttributeSet); }

-keep class androidx.appcompat.view.menu.ListMenuItemView { <init>(android.content.Context, android.util.AttributeSet); }

-keep class androidx.appcompat.widget.ActionBarContainer { <init>(android.content.Context, android.util.AttributeSet); }

-keep class androidx.appcompat.widget.ActionBarContextView { <init>(android.content.Context, android.util.AttributeSet); }

-keep class androidx.appcompat.widget.ActionBarOverlayLayout { <init>(android.content.Context, android.util.AttributeSet); }

-keep class androidx.appcompat.widget.ActionMenuView { <init>(android.content.Context, android.util.AttributeSet); }

-keep class androidx.appcompat.widget.ActivityChooserView$InnerLayout { <init>(android.content.Context, android.util.AttributeSet); }

-keep class androidx.appcompat.widget.AlertDialogLayout { <init>(android.content.Context, android.util.AttributeSet); }

-keep class androidx.appcompat.widget.AppCompatCheckBox { <init>(android.content.Context, android.util.AttributeSet); }

-keep class androidx.appcompat.widget.AppCompatImageButton { <init>(android.content.Context, android.util.AttributeSet); }

-keep class androidx.appcompat.widget.AppCompatImageView { <init>(android.content.Context, android.util.AttributeSet); }

-keep class androidx.appcompat.widget.AppCompatRadioButton { <init>(android.content.Context, android.util.AttributeSet); }

-keep class androidx.appcompat.widget.AppCompatSeekBar { <init>(android.content.Context, android.util.AttributeSet); }

-keep class androidx.appcompat.widget.AppCompatTextView { <init>(android.content.Context, android.util.AttributeSet); }

-keep class androidx.appcompat.widget.ButtonBarLayout { <init>(android.content.Context, android.util.AttributeSet); }

-keep class androidx.appcompat.widget.ContentFrameLayout { <init>(android.content.Context, android.util.AttributeSet); }

-keep class androidx.appcompat.widget.DialogTitle { <init>(android.content.Context, android.util.AttributeSet); }

-keep class androidx.appcompat.widget.FitWindowsFrameLayout { <init>(android.content.Context, android.util.AttributeSet); }

-keep class androidx.appcompat.widget.FitWindowsLinearLayout { <init>(android.content.Context, android.util.AttributeSet); }

-keep class androidx.appcompat.widget.SearchView$SearchAutoComplete { <init>(android.content.Context, android.util.AttributeSet); }

-keep class androidx.appcompat.widget.SwitchCompat { <init>(android.content.Context, android.util.AttributeSet); }

-keep class androidx.appcompat.widget.Toolbar { <init>(android.content.Context, android.util.AttributeSet); }

-keep class androidx.appcompat.widget.ViewStubCompat { <init>(android.content.Context, android.util.AttributeSet); }

-keep class androidx.constraintlayout.widget.Barrier { <init>(android.content.Context, android.util.AttributeSet); }

-keep class androidx.constraintlayout.widget.ConstraintLayout { <init>(android.content.Context, android.util.AttributeSet); }

-keep class androidx.constraintlayout.widget.Group { <init>(android.content.Context, android.util.AttributeSet); }

-keep class androidx.constraintlayout.widget.Guideline { <init>(android.content.Context, android.util.AttributeSet); }

-keep class androidx.coordinatorlayout.widget.CoordinatorLayout { <init>(android.content.Context, android.util.AttributeSet); }

-keep class androidx.core.widget.NestedScrollView { <init>(android.content.Context, android.util.AttributeSet); }

-keep class androidx.fragment.app.FragmentContainerView { <init>(android.content.Context, android.util.AttributeSet); }

-keep class androidx.gridlayout.widget.GridLayout { <init>(android.content.Context, android.util.AttributeSet); }

-keep class androidx.legacy.widget.Space { <init>(android.content.Context, android.util.AttributeSet); }

-keep class androidx.navigation.fragment.NavHostFragment { <init>(); }

-keep class androidx.preference.PreferenceScreen { <init>(...); }

-keep class androidx.preference.UnPressableLinearLayout { <init>(android.content.Context, android.util.AttributeSet); }

-keep class androidx.preference.internal.PreferenceImageView { <init>(android.content.Context, android.util.AttributeSet); }

-keep class androidx.recyclerview.widget.RecyclerView { <init>(android.content.Context, android.util.AttributeSet); }

-keep class androidx.viewpager.widget.ViewPager { <init>(android.content.Context, android.util.AttributeSet); }

-keep class code.name.score.appthemehelper.common.prefs.BorderCircleView { <init>(android.content.Context, android.util.AttributeSet); }

-keep class code.name.score.appthemehelper.common.prefs.supportv7.ATEColorPreference { <init>(...); }

-keep class code.name.score.appthemehelper.common.prefs.supportv7.ATEListPreference { <init>(...); }

-keep class code.name.score.appthemehelper.common.prefs.supportv7.ATEPreference { <init>(...); }

-keep class code.name.score.appthemehelper.common.prefs.supportv7.ATEPreferenceCategory { <init>(...); }

-keep class code.name.score.appthemehelper.common.prefs.supportv7.ATESeekBarPreference { <init>(...); }

-keep class code.name.score.appthemehelper.common.prefs.supportv7.ATESwitchPreference { <init>(...); }

-keep class code.name.score.appthemehelper.common.views.ATEAccentTextView { <init>(android.content.Context, android.util.AttributeSet); }

-keep class code.name.score.appthemehelper.common.views.ATESwitch { <init>(android.content.Context, android.util.AttributeSet); }

-keep class code.name.score.octave.activities.PermissionActivity { <init>(...); }

-keep class code.name.score.octave.activities.SettingsActivity { <init>(...); }

-keep class code.name.score.octave.fragments.DetailListFragment { <init>(...); }

-keep class code.name.score.octave.fragments.MiniPlayerFragment { <init>(); }

-keep class code.name.score.octave.fragments.about.AboutFragment { <init>(...); }

-keep class code.name.score.octave.fragments.albums.AlbumDetailsFragment { <init>(...); }

-keep class code.name.score.octave.fragments.albums.AlbumsFragment { <init>(...); }

-keep class code.name.score.octave.fragments.artists.ArtistDetailsFragment { <init>(...); }

-keep class code.name.score.octave.fragments.artists.ArtistsFragment { <init>(...); }

-keep class code.name.score.octave.fragments.folder.FoldersFragment { <init>(...); }

-keep class code.name.score.octave.fragments.genres.GenreDetailsFragment { <init>(...); }

-keep class code.name.score.octave.fragments.genres.GenresFragment { <init>(...); }

-keep class code.name.score.octave.fragments.home.HomeFragment { <init>(...); }

-keep class code.name.score.octave.fragments.library.LibraryFragment { <init>(...); }

-keep class code.name.score.octave.fragments.player.PlayerAlbumCoverFragment { <init>(); }

-keep class code.name.score.octave.fragments.player.blur.BlurPlaybackControlsFragment { <init>(); }

-keep class code.name.score.octave.fragments.player.color.ColorPlaybackControlsFragment { <init>(); }

-keep class code.name.score.octave.fragments.player.lockscreen.LockScreenControlsFragment { <init>(); }

-keep class code.name.score.octave.fragments.player.normal.PlayerPlaybackControlsFragment { <init>(); }

-keep class code.name.score.octave.fragments.playlists.PlaylistDetailsFragment { <init>(...); }

-keep class code.name.score.octave.fragments.playlists.PlaylistsFragment { <init>(...); }

-keep class code.name.score.octave.fragments.search.SearchFragment { <init>(...); }

-keep class code.name.score.octave.fragments.settings.AudioSettings { <init>(...); }

-keep class code.name.score.octave.fragments.settings.ImageSettingFragment { <init>(...); }

-keep class code.name.score.octave.fragments.settings.MainSettingsFragment { <init>(...); }

-keep class code.name.score.octave.fragments.settings.NotificationSettingsFragment { <init>(...); }

-keep class code.name.score.octave.fragments.settings.NowPlayingSettingsFragment { <init>(...); }

-keep class code.name.score.octave.fragments.settings.OtherSettingsFragment { <init>(...); }

-keep class code.name.score.octave.fragments.settings.PersonalizeSettingsFragment { <init>(...); }

-keep class code.name.score.octave.fragments.settings.ThemeSettingsFragment { <init>(...); }

-keep class code.name.score.octave.fragments.songs.SongsFragment { <init>(...); }

-keep class code.name.score.octave.lyrics.LrcView { <init>(android.content.Context, android.util.AttributeSet); }

-keep class code.name.score.octave.preferences.BlacklistPreference { <init>(...); }

-keep class code.name.score.octave.preferences.LibraryPreference { <init>(...); }

-keep class code.name.score.octave.preferences.NowPlayingScreenPreference { <init>(...); }

-keep class code.name.score.octave.views.AccentIcon { <init>(android.content.Context, android.util.AttributeSet); }

-keep class code.name.score.octave.views.BaselineGridTextView { <init>(android.content.Context, android.util.AttributeSet); }

-keep class code.name.score.octave.views.BottomNavigationBarTinted { <init>(android.content.Context, android.util.AttributeSet); }

-keep class code.name.score.octave.views.BreadCrumbLayout { <init>(android.content.Context, android.util.AttributeSet); }

-keep class code.name.score.octave.views.CircularImageView { <init>(android.content.Context, android.util.AttributeSet); }

-keep class code.name.score.octave.views.ColorIconsImageView { <init>(android.content.Context, android.util.AttributeSet); }

-keep class code.name.score.octave.views.HeightFitSquareLayout { <init>(android.content.Context, android.util.AttributeSet); }

-keep class code.name.score.octave.views.ListItemView { <init>(android.content.Context, android.util.AttributeSet); }

-keep class code.name.score.octave.views.LollipopFixedWebView { <init>(android.content.Context, android.util.AttributeSet); }

-keep class code.name.score.octave.views.PermissionItem { <init>(android.content.Context, android.util.AttributeSet); }

-keep class code.name.score.octave.views.RetroShapeableImageView { <init>(android.content.Context, android.util.AttributeSet); }

-keep class code.name.score.octave.views.SeekArc { <init>(android.content.Context, android.util.AttributeSet); }